1666255054412:?
1666255068385:halp
1666255071224:help
1666255117545:clear
1666255119888:exit
1666255481600:help
1666255488170:add 5 6
1666255498218:add 34234 23423423
1666255502906:ad 22341244 234523523523
1666255514011:add 22341244 234523523523
1666255520258:add 22341244 234523523
1666255529962:help
1666255540186:subtract 22 33
1666255635273:ls
1666255665242:exit
1666264584256:help
1666264592926:stacktrace
1666264605591:script
1666264645864:add
1666264662902:help add
1666264701530:add 23123 34232
1666264708007:add ddf 3423
1666264720614:stacktrace
1666264758166:clear
1666264924790:help
1666264928599:script
1666264942888:script spring-shell.log
1666265006407:clear
1666265010031:ls
1666265013630:ll
1666265016158:help
1666265035768:script test-script.txt
1666265167880:ls
1666265169343:ll
1666265172431:help
1666266941532:fail
1666267023220:stacktrace
1666267027133:exit
1666267174838:go
1666267648494:exit
1666538802263:help
1666538819414:show
1666538864093:addRoom Garten "Das ist der Garten"
1666538880935:addRoom Garten Das_ist_der_Garten
1666538884914:help
1666538914654:help addRoom
1666538925725:help
1666538969211:add-room Garten "Das ist mein Garten."
1666538973635:show
1666539133601:add-room garten "Das ist mein Garten."
1666539141133:show
1666539283580:add-room Wiese "Das ist eine Wiese."
1666539286991:show
1666539441044:help
1666539484606:show
1666539522575:add-room Garten "Hier ist mein Garten"
1666539537109:show
1666539922674:add-room Garten "Ja, ein Garten!"
1666539926360:show
1666539954291:add-room Wiese "Ja, eine stink normale Wiese"
1666539958106:show
1666540061840:add-room Garten "jo, Garten!"
1666540065935:show
1666540099905:add-room Wiese "Meine Wiese!"
1666540104044:show
1666540121040:add-room Wiese " Wiese!"
1666540126800:show
1666540140592:add-room Wiese2 " Wiese!"
1666540215308:show
1666540231701:add-room garten "g1"
1666540253315:add-room wiese1 "w1"
1666540265797:show
1666540269166:add-room wiese1 "w1"
1666540271324:show
1666540278379:add-room wiese2 "w2"
1666540280820:show
1666541007576:add-room Garten "G1"
1666541029285:show
1666541092284:add-room Haus "h1"
1666541095326:show
1666541121580:add-room Wiese "w1"
1666541130757:show
1666541143761:add-room Wiese "w1"
1666541147841:show
1666541152279:add-room Wiese "w1"
1666541155121:show
1666541176592:add-room Garten "g21"
1666541179540:show
